Unity Editor version:    6000.2.13f1 (abdb44fca7f7)
Branch:                  6000.2/staging
Build type:              Release
Batch mode:              YES
macOS version:           Version 15.6.1 (Build 24G90)
Darwin version:          24.6.0
Architecture:            arm64
Running under Rosetta:   NO
Available memory:        16384 MB
Date:                    2025-12-01T22:16:47Z
[Licensing::Module] Trying to connect to existing licensing client channel...
[Licensing::IpcConnector] Successfully connected to: "LicenseClient-arvi" at "2025-12-01T22:16:47.836172Z"

COMMAND LINE ARGUMENTS:
/Applications/Unity/Hub/Editor/6000.2.13f1/Unity.app/Contents/MacOS/Unity
-adb2
-batchMode
-noUpm
-name
AssetImportWorker0
-projectPath
/Users/arvi/Desktop/Unity/utd-comp-graph-team1-main
-logFile
Logs/AssetImportWorker0.log
-srvPort
52561
-licensingIpc
LicenseClient-arvi
-job-worker-count
3
-background-job-worker-count
8
-gc-helper-count
1
-name AssetImport
Successfully changed project path to: /Users/arvi/Desktop/Unity/utd-comp-graph-team1-main
/Users/arvi/Desktop/Unity/utd-comp-graph-team1-main
[UnityMemory] Configuration Parameters - Can be set up in boot.config
    "memorysetup-allocator-temp-initial-block-size-main=262144"
    "memorysetup-allocator-temp-initial-block-size-worker=262144"
    "memorysetup-bucket-allocator-granularity=16"
    "memorysetup-bucket-allocator-bucket-count=8"
    "memorysetup-bucket-allocator-block-size=33554432"
    "memorysetup-bucket-allocator-block-count=8"
    "memorysetup-main-allocator-block-size=16777216"
    "memorysetup-thread-allocator-block-size=16777216"
    "memorysetup-gfx-main-allocator-block-size=16777216"
    "memorysetup-gfx-thread-allocator-block-size=16777216"
    "memorysetup-cache-allocator-block-size=4194304"
    "memorysetup-typetree-allocator-block-size=2097152"
    "memorysetup-profiler-bucket-allocator-granularity=16"
    "memorysetup-profiler-bucket-allocator-bucket-count=8"
    "memorysetup-profiler-bucket-allocator-block-size=33554432"
    "memorysetup-profiler-bucket-allocator-block-count=8"
    "memorysetup-profiler-allocator-block-size=16777216"
    "memorysetup-profiler-editor-allocator-block-size=1048576"
    "memorysetup-temp-allocator-size-main=16777216"
    "memorysetup-job-temp-allocator-block-size=2097152"
    "memorysetup-job-temp-allocator-block-size-background=1048576"
    "memorysetup-job-temp-allocator-reduction-small-platforms=262144"
    "memorysetup-temp-allocator-size-background-worker=32768"
    "memorysetup-temp-allocator-size-job-worker=262144"
    "memorysetup-temp-allocator-size-preload-manager=33554432"
    "memorysetup-temp-allocator-size-nav-mesh-worker=65536"
    "memorysetup-temp-allocator-size-audio-worker=65536"
    "memorysetup-temp-allocator-size-cloud-worker=32768"
    "memorysetup-temp-allocator-size-gi-baking-worker=262144"
    "memorysetup-temp-allocator-size-gi-baking-worker=262144"
    "memorysetup-temp-allocator-size-gi-baking-worker=262144"
    "memorysetup-temp-allocator-size-gi-baking-worker=262144"
    "memorysetup-temp-allocator-size-gi-baking-worker=262144"
    "memorysetup-temp-allocator-size-gfx=262144"
Player connection [8630902976]  Target information:

Player connection [8630902976]  * "[IP] 192.168.29.199 [Port] 0 [Flags] 2 [Guid] 3451698626 [EditorId] 3451698626 [Version] 1048832 [Id] OSXEditor(0,MacBookPro) [Debug] 1 [PackageName] OSXEditor [ProjectName] Editor" 

Player connection [8630902976]  * "[IP] 169.254.60.98 [Port] 0 [Flags] 2 [Guid] 3451698626 [EditorId] 3451698626 [Version] 1048832 [Id] OSXEditor(0,MacBookPro) [Debug] 1 [PackageName] OSXEditor [ProjectName] Editor" 

Player connection [8630902976] Host joined multi-casting on [225.0.0.222:54997]...
Player connection [8630902976] Host joined alternative multi-casting on [225.0.0.222:34997]...
JobSystem: Creating JobQueue using job-worker-count value 3
Input System module state changed to: Initialized.
[Physics::Module] Initialized fallback backend.
[Physics::Module] Id: 0xdecafbad
Library Redirect Path: Library/
[Physics::Module] Selected backend.
[Physics::Module] Name: PhysX
[Physics::Module] Id: 0xf2b8ea05
[Physics::Module] SDK Version: 4.1.2
[Physics::Module] Integration Version: 1.0.0
[Physics::Module] Threading Mode: Multi-Threaded
Refreshing native plugins compatible for Editor in 2.83 ms, found 1 plugins.
Preloading 0 native plugins for Editor in 0.00 ms.
Initialize engine version: 6000.2.13f1 (abdb44fca7f7)
[Subsystems] Discovering subsystems at path /Applications/Unity/Hub/Editor/6000.2.13f1/Unity.app/Contents/Resources/UnitySubsystems
[Subsystems] Discovering subsystems at path /Users/arvi/Desktop/Unity/utd-comp-graph-team1-main/Assets
GfxDevice: creating device client; kGfxThreadingModeNonThreaded
 preferred device: Apple M1 Pro (high power)
Metal devices available: 1
0: Apple M1 Pro (high power)
Using device Apple M1 Pro (high power)
Initializing Metal device caps: Apple M1 Pro
Mac GPU Family: 2
Apple GPU Family: 7
MSL Version: 3.0
Has Float MSAA: 1
Has Float Filtering: 1
ReadWrite Texture Tier: 2
[Licensing::Client] Code 10 while verifying Licensing Client signature (process Id: 34746, path: "/Applications/Unity Hub.app/Contents/Frameworks/UnityLicensingClient_V1.app/Contents/MacOS/Unity.Licensing.Client")
[Licensing::Module] LicensingClient has failed validation; ignoring
[Licensing::Client] Error: Unexpected message Type: ApiErrorResponse, expected: HandshakeResponse
Initialize mono
Mono path[0] = '/Applications/Unity/Hub/Editor/6000.2.13f1/Unity.app/Contents/Managed'
Mono path[1] = '/Applications/Unity/Hub/Editor/6000.2.13f1/Unity.app/Contents/MonoBleedingEdge/lib/mono/unityjit-macos'
Mono config path = '/Applications/Unity/Hub/Editor/6000.2.13f1/Unity.app/Contents/MonoBleedingEdge/etc'
Using monoOptions --debugger-agent=transport=dt_socket,embedding=1,server=y,suspend=n,address=127.0.0.1:56819
Begin MonoManager ReloadAssembly
Registering precompiled unity dll's ...
Register platform support module: /Applications/Unity/Hub/Editor/6000.2.13f1/Unity.app/Contents/PlaybackEngines/MacStandaloneSupport/UnityEditor.OSXStandalone.Extensions.dll
Registered in 0.000356 seconds.
- Loaded All Assemblies, in  0.243 seconds
Native extension for OSXStandalone target not found
Mono: successfully reloaded assembly
- Finished resetting the current domain, in  0.273 seconds
Domain Reload Profiling: 516ms
	BeginReloadAssembly (77ms)
		ExecutionOrderSort (0ms)
		DisableScriptedObjects (0ms)
		BackupInstance (0ms)
		ReleaseScriptingObjects (0ms)
		CreateAndSetChildDomain (0ms)
	RebuildCommonClasses (24ms)
	RebuildNativeTypeToScriptingClass (9ms)
	initialDomainReloadingComplete (29ms)
	LoadAllAssembliesAndSetupDomain (104ms)
		LoadAssemblies (76ms)
		RebuildTransferFunctionScriptingTraits (0ms)
		AnalyzeDomain (102ms)
			TypeCache.Refresh (100ms)
				TypeCache.ScanAssembly (89ms)
			BuildScriptInfoCaches (0ms)
			ResolveRequiredComponents (1ms)
	FinalizeReload (273ms)
		ReleaseScriptCaches (0ms)
		RebuildScriptCaches (0ms)
		SetupLoadedEditorAssemblies (241ms)
			LogAssemblyErrors (0ms)
			InitializePlatformSupportModulesInManaged (31ms)
			SetLoadedEditorAssemblies (4ms)
			BeforeProcessingInitializeOnLoad (60ms)
			ProcessInitializeOnLoadAttributes (98ms)
			ProcessInitializeOnLoadMethodAttributes (47ms)
			AfterProcessingInitializeOnLoad (0ms)
			EditorAssembliesLoaded (0ms)
		ExecutionOrderSort2 (0ms)
		AwakeInstancesAfterBackupRestoration (0ms)
Assembly reference Packages/com.unity.cinemachine/Editor/Samples/ExposeHDRPInternals/HDRP-Editor-ref.asmref has no target assembly definition
[CoreBusinessMetrics] Unexpected thread when updating session info.
========================================================================
Worker process is ready to serve import requests
Import Worker Mode flag is 0x00
Assembly reference Packages/com.unity.cinemachine/Editor/Samples/ExposeHDRPInternals/HDRP-Editor-ref.asmref has no target assembly definition
Assembly reference Packages/com.unity.cinemachine/Editor/Samples/ExposeHDRPInternals/HDRP-Editor-ref.asmref has no target assembly definition
Begin MonoManager ReloadAssembly
[Licensing::Module] Licensing is not yet initialized.
[Licensing::Client] Error: Timed-out after 30.00s, waiting for HandshakeResponse
[Licensing::Module] Error: Failed to handshake to channel: "LicenseClient-arvi"
[Licensing::IpcConnector] LicenseClient-arvi channel disconnected successfully.
[Licensing::IpcConnector] Successfully connected to: "LicenseClient-arvi-6000.2.13" at "2025-12-01T22:17:18.385161Z"
[Licensing::Client] Code 1 while verifying Licensing Client signature (process Id: 70801, path: "/Applications/Unity/Hub/Editor/6000.2.13f1/Unity.app/Contents/Frameworks/UnityLicensingClient.app/Contents/MacOS/Unity.Licensing.Client")
[Licensing::Module] LicensingClient has failed validation; ignoring
[Licensing::Client] Handshaking with LicensingClient:
  Version:                 1.17.4+4293ba1
  Session Id:              6ff527e3b6074c1889aca9c21b91b154
  Correlation Id:          6d36493e71c3216fd68407fff40fa888
  External correlation Id: 1177064599682449149
  Machine Id:              leSzrNi5La+ltqxBaylwGouRq6Q=
[Licensing::Module] Successfully connected to LicensingClient on channel: "LicenseClient-arvi-6000.2.13" (connect: 0.00s, validation: 0.00s, handshake: 0.01s)
[Licensing::IpcConnector] Successfully connected to: "LicenseClient-arvi-6000.2.13-notifications" at "2025-12-01T22:17:18.398572Z"
[Licensing::Module] Licensing Background thread has ended after 30.56s
[Licensing::Module] Licensing is initialized (took 29.12s).
[Licensing::Client] Successfully resolved entitlement details
[Licensing::Module] License group:
  Id: F4-VKEP-SVME-HQ7U-TCBH-XXXX
  Product: Unity Personal
  Type: ULF
  Expiration: Unlimited
Duplicate assembly 'log4net.dll' with different versions detected, using 'Packages/com.unity.package-validation-suite/Lib/Editor/log4net.dll, AssemblyName=log4net, Version=2.0.8.0, Culture=neutral, PublicKeyToken=669e0ddf0bb1aa2a' and ignoring 'Packages/com.unity.collab-proxy/Lib/Editor/log4netPlastic.dll, AssemblyName=log4net, Version=1.2.15.0, Culture=neutral, PublicKeyToken=669e0ddf0bb1aa2a'.- Loaded All Assemblies, in 29.698 seconds
Assembly reference Packages/com.unity.cinemachine/Editor/Samples/ExposeHDRPInternals/HDRP-Editor-ref.asmref has no target assembly definition
'Packages/com.unity.cinemachine/Editor/Obsolete/CinemachineVirtualCameraBaseEditor.cs' contains partial class of Unity.Object, exactly 1 of the partial classes needs to be in a file with the same filename. This is to know the one that can be referenced from ie. GameObjects
'Packages/com.unity.cinemachine/Editor/Editors/CinemachineVirtualCameraBaseEditor.cs' contains partial class of Unity.Object, exactly 1 of the partial classes needs to be in a file with the same filename. This is to know the one that can be referenced from ie. GameObjects
Refreshing native plugins compatible for Editor in 0.95 ms, found 1 plugins.
Native extension for OSXStandalone target not found
Assembly reference Packages/com.unity.cinemachine/Editor/Samples/ExposeHDRPInternals/HDRP-Editor-ref.asmref has no target assembly definition
Package Manager log level set to [2]
[Package Manager] Failed to launch server process. Reason: Unity was launched with the -noUpm command-line argument
[Package Manager] Unable to send message (not connected to server process).
[Package Manager] Cannot connect to Unity Package Manager local server
[Package Manager] Failed to launch server process. Reason: Unity was launched with the -noUpm command-line argument
[Package Manager] Unable to send message (not connected to server process).
[Package Manager] Cannot connect to Unity Package Manager local server
Mono: successfully reloaded assembly
- Finished resetting the current domain, in  0.514 seconds
Domain Reload Profiling: 30212ms
	BeginReloadAssembly (29249ms)
		ExecutionOrderSort (0ms)
		DisableScriptedObjects (4ms)
		BackupInstance (0ms)
		ReleaseScriptingObjects (0ms)
		CreateAndSetChildDomain (18ms)
	RebuildCommonClasses (23ms)
	RebuildNativeTypeToScriptingClass (9ms)
	initialDomainReloadingComplete (27ms)
	LoadAllAssembliesAndSetupDomain (388ms)
		LoadAssemblies (297ms)
		RebuildTransferFunctionScriptingTraits (0ms)
		AnalyzeDomain (169ms)
			TypeCache.Refresh (129ms)
				TypeCache.ScanAssembly (115ms)
			BuildScriptInfoCaches (30ms)
			ResolveRequiredComponents (8ms)
	FinalizeReload (515ms)
		ReleaseScriptCaches (0ms)
		RebuildScriptCaches (0ms)
		SetupLoadedEditorAssemblies (377ms)
			LogAssemblyErrors (0ms)
			InitializePlatformSupportModulesInManaged (1ms)
			SetLoadedEditorAssemblies (3ms)
			BeforeProcessingInitializeOnLoad (92ms)
			ProcessInitializeOnLoadAttributes (250ms)
			ProcessInitializeOnLoadMethodAttributes (30ms)
			AfterProcessingInitializeOnLoad (1ms)
			EditorAssembliesLoaded (0ms)
		ExecutionOrderSort2 (0ms)
		AwakeInstancesAfterBackupRestoration (2ms)
WARNING: Shader Unsupported: 'Universal Render Pipeline/VR/SpatialMapping/Wireframe' - All subshaders removed
WARNING: Shader Did you use #pragma only_renderers and omit this platform?
WARNING: Shader If subshaders removal was intentional, you may have forgotten turning Fallback off?
WARNING: Shader Unsupported: 'Universal Render Pipeline/VR/SpatialMapping/Wireframe' - All subshaders removed
WARNING: Shader Did you use #pragma only_renderers and omit this platform?
WARNING: Shader If subshaders removal was intentional, you may have forgotten turning Fallback off?
Launching external process: /Applications/Unity/Hub/Editor/6000.2.13f1/Unity.app/Contents/Tools/UnityShaderCompiler
Launched and connected shader compiler UnityShaderCompiler after 0.04 seconds
Refreshing native plugins compatible for Editor in 0.30 ms, found 1 plugins.
Preloading 0 native plugins for Editor in 0.00 ms.
Unloading 16 Unused Serialized files (Serialized files now loaded: 0)
Unloading 6666 unused Assets / (5.1 MB). Loaded Objects now: 7379.
Memory consumption went from 133.5 MB to 128.4 MB.
Total: 7.803208 ms (FindLiveObjects: 0.528000 ms CreateObjectMapping: 0.222834 ms MarkObjects: 4.929333 ms  DeleteObjects: 2.122791 ms)

========================================================================
Received Import Request.
  Time since last request: 2401464.880355 seconds.
  path: Assets/Prefabs/Environment/Parking Spot/Orange Parking.prefab
  artifactKey: Guid(aec19c716666a4ac6adb40da7c5d0739) Importer(815301076,1909f56bfc062723c751e8b465ee728b)
Start importing Assets/Prefabs/Environment/Parking Spot/Orange Parking.prefab using Guid(aec19c716666a4ac6adb40da7c5d0739) Importer(815301076,1909f56bfc062723c751e8b465ee728b) (PreviewImporter) -> (artifact id: 'c5278c1267999ac7f4109505644d9660') in 0.33341125 seconds
Number of updated asset objects reloaded before import = 0Number of asset objects unloaded after import = 70

========================================================================
Received Import Request.
  Time since last request: 0.000097 seconds.
  path: Assets/Prefabs/Environment/Parking Spot/Parking Spot.prefab
  artifactKey: Guid(af42dfb8ebac04be788a580f640cfb5d) Importer(815301076,1909f56bfc062723c751e8b465ee728b)
Start importing Assets/Prefabs/Environment/Parking Spot/Parking Spot.prefab using Guid(af42dfb8ebac04be788a580f640cfb5d) Importer(815301076,1909f56bfc062723c751e8b465ee728b) (PreviewImporter) -> (artifact id: 'cffe8d9950dd7451f065214ac5db6a44') in 0.023460666 seconds
Number of updated asset objects reloaded before import = 0Number of asset objects unloaded after import = 38

========================================================================
Received Import Request.
  Time since last request: 3667.797572 seconds.
  path: Assets/Street Assets
  artifactKey: Guid(35c6fcafee75f4b65b6551a982dc4a09) Importer(815301076,1909f56bfc062723c751e8b465ee728b)
Start importing Assets/Street Assets using Guid(35c6fcafee75f4b65b6551a982dc4a09) Importer(815301076,1909f56bfc062723c751e8b465ee728b) (PreviewImporter) -> (artifact id: '5f68f30d247f6420f145dddfaa966409') in 0.004563125 seconds
Number of updated asset objects reloaded before import = 0Number of asset objects unloaded after import = 0

========================================================================
Received Import Request.
  Time since last request: 382.411908 seconds.
  path: Assets/3rd party Assets/Street Assets/PlaneMaterial.mat
  artifactKey: Guid(e78ca32131046e747bf303a4ae862f72) Importer(815301076,1909f56bfc062723c751e8b465ee728b)
Start importing Assets/3rd party Assets/Street Assets/PlaneMaterial.mat using Guid(e78ca32131046e747bf303a4ae862f72) Importer(815301076,1909f56bfc062723c751e8b465ee728b) (PreviewImporter) -> (artifact id: 'cf76da54aa2a6ae7c6f6bd51106d04af') in 0.134417917 seconds
Number of updated asset objects reloaded before import = 0Number of asset objects unloaded after import = 1

========================================================================
Received Import Request.
  Time since last request: 5.967429 seconds.
  path: Assets/3rd party Assets/Street Assets/Prefabs
  artifactKey: Guid(400dbdacb8bdd4e5ea776b59806b53e1) Importer(815301076,1909f56bfc062723c751e8b465ee728b)
Start importing Assets/3rd party Assets/Street Assets/Prefabs using Guid(400dbdacb8bdd4e5ea776b59806b53e1) Importer(815301076,1909f56bfc062723c751e8b465ee728b) (PreviewImporter) -> (artifact id: '8cb1322fad1cd1b50e9c57b3edbbe70d') in 0.000478417 seconds
Number of updated asset objects reloaded before import = 0Number of asset objects unloaded after import = 0

========================================================================
Received Import Request.
  Time since last request: 0.006322 seconds.
  path: Assets/3rd party Assets/Street Assets/Prefabs/SA_FireHydrant_01.prefab
  artifactKey: Guid(9ccee7079c851504d862a5f855ad5d7f) Importer(815301076,1909f56bfc062723c751e8b465ee728b)
Start importing Assets/3rd party Assets/Street Assets/Prefabs/SA_FireHydrant_01.prefab using Guid(9ccee7079c851504d862a5f855ad5d7f) Importer(815301076,1909f56bfc062723c751e8b465ee728b) (PreviewImporter) -> (artifact id: 'bfe106f467b837d154ed5d567c14039d') in 0.027847666 seconds
Number of updated asset objects reloaded before import = 0Number of asset objects unloaded after import = 10

========================================================================
Received Import Request.
  Time since last request: 0.000060 seconds.
  path: Assets/3rd party Assets/Street Assets/Prefabs/SA_TrafficBarrier_01.prefab
  artifactKey: Guid(ac88bfff72bd6a149bb608ce16b9daff) Importer(815301076,1909f56bfc062723c751e8b465ee728b)
Start importing Assets/3rd party Assets/Street Assets/Prefabs/SA_TrafficBarrier_01.prefab using Guid(ac88bfff72bd6a149bb608ce16b9daff) Importer(815301076,1909f56bfc062723c751e8b465ee728b) (PreviewImporter) -> (artifact id: '8e7c0468109ff24004bbf5952121eb4b') in 0.009369417 seconds
Number of updated asset objects reloaded before import = 0Number of asset objects unloaded after import = 10

========================================================================
Received Import Request.
  Time since last request: 0.000063 seconds.
  path: Assets/3rd party Assets/Street Assets/Prefabs/SA_ParkingMeter.prefab
  artifactKey: Guid(b9a280474574b1e498e52b937770b724) Importer(815301076,1909f56bfc062723c751e8b465ee728b)
Start importing Assets/3rd party Assets/Street Assets/Prefabs/SA_ParkingMeter.prefab using Guid(b9a280474574b1e498e52b937770b724) Importer(815301076,1909f56bfc062723c751e8b465ee728b) (PreviewImporter) -> (artifact id: 'e68a44f1e56b980f7f61743ecf58628c') in 0.008393709 seconds
Number of updated asset objects reloaded before import = 0Number of asset objects unloaded after import = 10

========================================================================
Received Import Request.
  Time since last request: 0.000071 seconds.
  path: Assets/3rd party Assets/Street Assets/Prefabs/SA_TrafficCone_02.prefab
  artifactKey: Guid(872920f3a1b15db47b51a16f0ab2b2a8) Importer(815301076,1909f56bfc062723c751e8b465ee728b)
Start importing Assets/3rd party Assets/Street Assets/Prefabs/SA_TrafficCone_02.prefab using Guid(872920f3a1b15db47b51a16f0ab2b2a8) Importer(815301076,1909f56bfc062723c751e8b465ee728b) (PreviewImporter) -> (artifact id: '5f5206ac04129d75022c12f7ea8123c4') in 0.009463958 seconds
Number of updated asset objects reloaded before import = 0Number of asset objects unloaded after import = 10

========================================================================
Received Import Request.
  Time since last request: 0.000054 seconds.
  path: Assets/3rd party Assets/Street Assets/Prefabs/SA_TrafficCone_01.prefab
  artifactKey: Guid(2c727257413cce34594b3d9e76156e77) Importer(815301076,1909f56bfc062723c751e8b465ee728b)
Start importing Assets/3rd party Assets/Street Assets/Prefabs/SA_TrafficCone_01.prefab using Guid(2c727257413cce34594b3d9e76156e77) Importer(815301076,1909f56bfc062723c751e8b465ee728b) (PreviewImporter) -> (artifact id: 'ffabce18ce73eaea74cace121545c4f0') in 0.007548291 seconds
Number of updated asset objects reloaded before import = 0Number of asset objects unloaded after import = 10

========================================================================
Received Import Request.
  Time since last request: 15.981761 seconds.
  path: Assets/3rd party Assets/Street Assets/Prefabs/SA_FireHydrant_01.prefab
  artifactKey: Guid(9ccee7079c851504d862a5f855ad5d7f) Importer(815301076,1909f56bfc062723c751e8b465ee728b)
Start importing Assets/3rd party Assets/Street Assets/Prefabs/SA_FireHydrant_01.prefab using Guid(9ccee7079c851504d862a5f855ad5d7f) Importer(815301076,1909f56bfc062723c751e8b465ee728b) (PreviewImporter) -> (artifact id: '79ba93f9f8140c5b59c5712929296f1c') in 3.235893916 seconds
Number of updated asset objects reloaded before import = 0Number of asset objects unloaded after import = 11

========================================================================
Received Import Request.
  Time since last request: 0.000101 seconds.
  path: Assets/3rd party Assets/Street Assets/Prefabs/SA_TrafficBarrier_01.prefab
  artifactKey: Guid(ac88bfff72bd6a149bb608ce16b9daff) Importer(815301076,1909f56bfc062723c751e8b465ee728b)
Start importing Assets/3rd party Assets/Street Assets/Prefabs/SA_TrafficBarrier_01.prefab using Guid(ac88bfff72bd6a149bb608ce16b9daff) Importer(815301076,1909f56bfc062723c751e8b465ee728b) (PreviewImporter) -> (artifact id: 'e61e74369a55f3345c7d41cfe0633301') in 0.018622625 seconds
Number of updated asset objects reloaded before import = 0Number of asset objects unloaded after import = 11

========================================================================
Received Import Request.
  Time since last request: 0.000060 seconds.
  path: Assets/3rd party Assets/Street Assets/Prefabs/SA_TrafficCone_02.prefab
  artifactKey: Guid(872920f3a1b15db47b51a16f0ab2b2a8) Importer(815301076,1909f56bfc062723c751e8b465ee728b)
Start importing Assets/3rd party Assets/Street Assets/Prefabs/SA_TrafficCone_02.prefab using Guid(872920f3a1b15db47b51a16f0ab2b2a8) Importer(815301076,1909f56bfc062723c751e8b465ee728b) (PreviewImporter) -> (artifact id: '16abb90276b13068db6e9be77a20ba89') in 0.007180291 seconds
Number of updated asset objects reloaded before import = 0Number of asset objects unloaded after import = 11

========================================================================
Received Import Request.
  Time since last request: 0.000073 seconds.
  path: Assets/3rd party Assets/Street Assets/Prefabs/SA_OilDrum_01.prefab
  artifactKey: Guid(93cef34952e76824e9212a436ec3a2b3) Importer(815301076,1909f56bfc062723c751e8b465ee728b)
Start importing Assets/3rd party Assets/Street Assets/Prefabs/SA_OilDrum_01.prefab using Guid(93cef34952e76824e9212a436ec3a2b3) Importer(815301076,1909f56bfc062723c751e8b465ee728b) (PreviewImporter) -> (artifact id: '562b0dc821324dc01f138e86a1d09b2c') in 0.006696041 seconds
Number of updated asset objects reloaded before import = 0Number of asset objects unloaded after import = 11

========================================================================
Received Import Request.
  Time since last request: 25.193094 seconds.
  path: Assets/3rd party Assets/Street Assets/PlaneMaterial.mat
  artifactKey: Guid(e78ca32131046e747bf303a4ae862f72) Importer(815301076,1909f56bfc062723c751e8b465ee728b)
Start importing Assets/3rd party Assets/Street Assets/PlaneMaterial.mat using Guid(e78ca32131046e747bf303a4ae862f72) Importer(815301076,1909f56bfc062723c751e8b465ee728b) (PreviewImporter) -> (artifact id: 'ca14be6c3231926f6f90688d7eadca9a') in 2.377357708 seconds
Number of updated asset objects reloaded before import = 0Number of asset objects unloaded after import = 2

========================================================================
Received Import Request.
  Time since last request: 352.235274 seconds.
  path: Assets/Main.unity
  artifactKey: Guid(8ab92c659b1464044b553d8c041a3028) Importer(2089858483,192608db42251d675da83286b1cce702)
Start importing Assets/Main.unity using Guid(8ab92c659b1464044b553d8c041a3028) Importer(2089858483,192608db42251d675da83286b1cce702) (ScriptedImporter) -> (artifact id: '663bd88a45458438d99a4408bb0398a1') in 0.216649709 seconds
Number of updated asset objects reloaded before import = 0Number of asset objects unloaded after import = 1

========================================================================
Received Import Request.
  Time since last request: 0.000103 seconds.
  path: Assets/3rd party Assets/Street Assets/Prefabs/SA_TrafficCone_02.prefab
  artifactKey: Guid(872920f3a1b15db47b51a16f0ab2b2a8) Importer(2089858483,192608db42251d675da83286b1cce702)
Start importing Assets/3rd party Assets/Street Assets/Prefabs/SA_TrafficCone_02.prefab using Guid(872920f3a1b15db47b51a16f0ab2b2a8) Importer(2089858483,192608db42251d675da83286b1cce702) (ScriptedImporter) -> (artifact id: '4866e1630eb2a5aefb014ac820376e5d') in 0.048454459 seconds
Number of updated asset objects reloaded before import = 0Number of asset objects unloaded after import = 8

========================================================================
Received Import Request.
  Time since last request: 0.000062 seconds.
  path: Assets/3rd party Assets/Street Assets/Prefabs/SA_OilDrum_02.prefab
  artifactKey: Guid(8d36b024637334a43a35f6f575b7781b) Importer(2089858483,192608db42251d675da83286b1cce702)
Start importing Assets/3rd party Assets/Street Assets/Prefabs/SA_OilDrum_02.prefab using Guid(8d36b024637334a43a35f6f575b7781b) Importer(2089858483,192608db42251d675da83286b1cce702) (ScriptedImporter) -> (artifact id: '719ca8d41c300304f600790062b183bc') in 0.00579925 seconds
Number of updated asset objects reloaded before import = 0Number of asset objects unloaded after import = 8

========================================================================
Received Import Request.
  Time since last request: 0.000040 seconds.
  path: Assets/3rd party Assets/Street Assets/Scenes
  artifactKey: Guid(eda6e4ca6acfe4f9d82407c4d607265d) Importer(2089858483,192608db42251d675da83286b1cce702)
Start importing Assets/3rd party Assets/Street Assets/Scenes using Guid(eda6e4ca6acfe4f9d82407c4d607265d) Importer(2089858483,192608db42251d675da83286b1cce702) (ScriptedImporter) -> (artifact id: 'ea42ccf211deca05f86364a26a2aa9e1') in 0.002069167 seconds
Number of updated asset objects reloaded before import = 0Number of asset objects unloaded after import = 1

========================================================================
Received Import Request.
  Time since last request: 0.000072 seconds.
  path: Assets/3rd party Assets/Street Assets/Prefabs/SA_TrafficCone_01.prefab
  artifactKey: Guid(2c727257413cce34594b3d9e76156e77) Importer(2089858483,192608db42251d675da83286b1cce702)
Start importing Assets/3rd party Assets/Street Assets/Prefabs/SA_TrafficCone_01.prefab using Guid(2c727257413cce34594b3d9e76156e77) Importer(2089858483,192608db42251d675da83286b1cce702) (ScriptedImporter) -> (artifact id: 'a4e2afdf95c9cfc99d8bdb9ca4cc9139') in 0.004618541 seconds
Number of updated asset objects reloaded before import = 0Number of asset objects unloaded after import = 8

========================================================================
Received Import Request.
  Time since last request: 0.000042 seconds.
  path: Assets/3rd party Assets/Street Assets/Models/Materials/StreetAssets_1.mat
  artifactKey: Guid(210b364c60da41540806f606b64bbb84) Importer(2089858483,192608db42251d675da83286b1cce702)
Start importing Assets/3rd party Assets/Street Assets/Models/Materials/StreetAssets_1.mat using Guid(210b364c60da41540806f606b64bbb84) Importer(2089858483,192608db42251d675da83286b1cce702) (ScriptedImporter) -> (artifact id: '12618517af63e39ff9a5c3da6212ca26') in 0.009495667 seconds
Number of updated asset objects reloaded before import = 0Number of asset objects unloaded after import = 4

========================================================================
Received Import Request.
  Time since last request: 0.000073 seconds.
  path: Assets/3rd party Assets/Street Assets/Models/Materials/StreetAssets2_001.mat
  artifactKey: Guid(3fe1e347a1ea54b86ba79489765fa075) Importer(2089858483,192608db42251d675da83286b1cce702)
Start importing Assets/3rd party Assets/Street Assets/Models/Materials/StreetAssets2_001.mat using Guid(3fe1e347a1ea54b86ba79489765fa075) Importer(2089858483,192608db42251d675da83286b1cce702) (ScriptedImporter) -> (artifact id: '8c74716172d758301db1ab6ddea365b7') in 0.006023125 seconds
Number of updated asset objects reloaded before import = 0Number of asset objects unloaded after import = 1

========================================================================
Received Import Request.
  Time since last request: 0.000076 seconds.
  path: Assets/3rd party Assets/Street Assets/Scenes/StreetAssetsScene.unity
  artifactKey: Guid(22d295886e0d3ab4a85817a1b1272592) Importer(2089858483,192608db42251d675da83286b1cce702)
Start importing Assets/3rd party Assets/Street Assets/Scenes/StreetAssetsScene.unity using Guid(22d295886e0d3ab4a85817a1b1272592) Importer(2089858483,192608db42251d675da83286b1cce702) (ScriptedImporter) -> (artifact id: '4112d7107f3a8b5f4f7a303c8cf49846') in 0.0046415 seconds
Number of updated asset objects reloaded before import = 0Number of asset objects unloaded after import = 1

========================================================================
Received Import Request.
  Time since last request: 0.000077 seconds.
  path: Assets/3rd party Assets/Street Assets/Prefabs/SA_OilDrum_01.prefab
  artifactKey: Guid(93cef34952e76824e9212a436ec3a2b3) Importer(2089858483,192608db42251d675da83286b1cce702)
Start importing Assets/3rd party Assets/Street Assets/Prefabs/SA_OilDrum_01.prefab using Guid(93cef34952e76824e9212a436ec3a2b3) Importer(2089858483,192608db42251d675da83286b1cce702) (ScriptedImporter) -> (artifact id: 'a3dd53d52c88ca8b214d123d7ed3d777') in 0.005239333 seconds
Number of updated asset objects reloaded before import = 0Number of asset objects unloaded after import = 8

========================================================================
Received Import Request.
  Time since last request: 0.000036 seconds.
  path: Assets/3rd party Assets/Street Assets/PlaneMaterial.mat
  artifactKey: Guid(e78ca32131046e747bf303a4ae862f72) Importer(2089858483,192608db42251d675da83286b1cce702)
Start importing Assets/3rd party Assets/Street Assets/PlaneMaterial.mat using Guid(e78ca32131046e747bf303a4ae862f72) Importer(2089858483,192608db42251d675da83286b1cce702) (ScriptedImporter) -> (artifact id: '8e242e78faaed929721d4989d376b421') in 0.0034735 seconds
Number of updated asset objects reloaded before import = 0Number of asset objects unloaded after import = 2

========================================================================
Received Import Request.
  Time since last request: 0.000049 seconds.
  path: Assets/TextMesh Pro/Examples & Extras/Resources/Fonts & Materials/Bangers SDF.asset
  artifactKey: Guid(125cb55b44b24c4393181402bc6200e6) Importer(2089858483,192608db42251d675da83286b1cce702)
Start importing Assets/TextMesh Pro/Examples & Extras/Resources/Fonts & Materials/Bangers SDF.asset using Guid(125cb55b44b24c4393181402bc6200e6) Importer(2089858483,192608db42251d675da83286b1cce702) (ScriptedImporter) -> (artifact id: 'd3ea74c2350a940ba84d2521bb5a8af4') in 0.071442916 seconds
Number of updated asset objects reloaded before import = 0Number of asset objects unloaded after import = 5

========================================================================
Received Import Request.
  Time since last request: 0.000045 seconds.
  path: Assets/3rd party Assets/Street Assets/Textures/StreetAssets1_Spec.png
  artifactKey: Guid(2eca7429d6d552a4cb468002da57d69f) Importer(2089858483,192608db42251d675da83286b1cce702)
Start importing Assets/3rd party Assets/Street Assets/Textures/StreetAssets1_Spec.png using Guid(2eca7429d6d552a4cb468002da57d69f) Importer(2089858483,192608db42251d675da83286b1cce702) (ScriptedImporter) -> (artifact id: '0b7eb905ab19ca96e0f21097b6694bdc') in 0.023233 seconds
Number of updated asset objects reloaded before import = 0Number of asset objects unloaded after import = 1

========================================================================
Received Import Request.
  Time since last request: 0.000044 seconds.
  path: Assets/3rd party Assets/Street Assets/Models/StreetAssets.fbx
  artifactKey: Guid(2f7a3a8b3a427c4499f6093478d97286) Importer(2089858483,192608db42251d675da83286b1cce702)
Start importing Assets/3rd party Assets/Street Assets/Models/StreetAssets.fbx using Guid(2f7a3a8b3a427c4499f6093478d97286) Importer(2089858483,192608db42251d675da83286b1cce702) (ScriptedImporter) -> (artifact id: '9fff506d6797c6beae80315d13f85c3d') in 0.042226291 seconds
Number of updated asset objects reloaded before import = 0Number of asset objects unloaded after import = 45

========================================================================
Received Import Request.
  Time since last request: 0.000059 seconds.
  path: Assets/3rd party Assets/Street Assets/Models/Materials
  artifactKey: Guid(8781b00ac79a74951b73faa71931028e) Importer(2089858483,192608db42251d675da83286b1cce702)
Start importing Assets/3rd party Assets/Street Assets/Models/Materials using Guid(8781b00ac79a74951b73faa71931028e) Importer(2089858483,192608db42251d675da83286b1cce702) (ScriptedImporter) -> (artifact id: '1714574dc2ecde220b81eb4960981b63') in 0.002052041 seconds
Number of updated asset objects reloaded before import = 0Number of asset objects unloaded after import = 1

========================================================================
Received Import Request.
  Time since last request: 0.000043 seconds.
  path: Assets/3rd party Assets/Street Assets/Textures
  artifactKey: Guid(802b96342bfcd4ce8b8e646f35ec81b0) Importer(2089858483,192608db42251d675da83286b1cce702)
Start importing Assets/3rd party Assets/Street Assets/Textures using Guid(802b96342bfcd4ce8b8e646f35ec81b0) Importer(2089858483,192608db42251d675da83286b1cce702) (ScriptedImporter) -> (artifact id: '24b1d4cfeca71a5a27a7ee561fa07626') in 0.001722875 seconds
Number of updated asset objects reloaded before import = 0Number of asset objects unloaded after import = 1

========================================================================
Received Import Request.
  Time since last request: 0.000057 seconds.
  path: Assets/3rd party Assets/Street Assets/Prefabs/SA_TrafficBarrier_01.prefab
  artifactKey: Guid(ac88bfff72bd6a149bb608ce16b9daff) Importer(2089858483,192608db42251d675da83286b1cce702)
Start importing Assets/3rd party Assets/Street Assets/Prefabs/SA_TrafficBarrier_01.prefab using Guid(ac88bfff72bd6a149bb608ce16b9daff) Importer(2089858483,192608db42251d675da83286b1cce702) (ScriptedImporter) -> (artifact id: 'a5e81ea16783554aa66a2e047997953c') in 0.004674125 seconds
Number of updated asset objects reloaded before import = 0Number of asset objects unloaded after import = 8

========================================================================
Received Import Request.
  Time since last request: 0.000048 seconds.
  path: Assets/3rd party Assets/Street Assets/Models
  artifactKey: Guid(a8589f280cdbb4bd9a0149425bc73e19) Importer(2089858483,192608db42251d675da83286b1cce702)
Start importing Assets/3rd party Assets/Street Assets/Models using Guid(a8589f280cdbb4bd9a0149425bc73e19) Importer(2089858483,192608db42251d675da83286b1cce702) (ScriptedImporter) -> (artifact id: '6d855a2acbc061a2263887f60f5cde57') in 0.001928208 seconds
Number of updated asset objects reloaded before import = 0Number of asset objects unloaded after import = 1

========================================================================
Received Import Request.
  Time since last request: 0.000060 seconds.
  path: Assets/3rd party Assets/Street Assets
  artifactKey: Guid(35c6fcafee75f4b65b6551a982dc4a09) Importer(2089858483,192608db42251d675da83286b1cce702)
Start importing Assets/3rd party Assets/Street Assets using Guid(35c6fcafee75f4b65b6551a982dc4a09) Importer(2089858483,192608db42251d675da83286b1cce702) (ScriptedImporter) -> (artifact id: '68d85bbf4deaf15033ca77cbea05592e') in 0.001836958 seconds
Number of updated asset objects reloaded before import = 0Number of asset objects unloaded after import = 1

========================================================================
Received Import Request.
  Time since last request: 9.186100 seconds.
  path: Assets/Prefabs/Environment/Obstacles
  artifactKey: Guid(05c60537ca57643afa4cf31227266245) Importer(815301076,1909f56bfc062723c751e8b465ee728b)
Start importing Assets/Prefabs/Environment/Obstacles using Guid(05c60537ca57643afa4cf31227266245) Importer(815301076,1909f56bfc062723c751e8b465ee728b) (PreviewImporter) -> (artifact id: '6413082a614af3cb018434648611bf2b') in 0.001857458 seconds
Number of updated asset objects reloaded before import = 0Number of asset objects unloaded after import = 0

========================================================================
Received Import Request.
  Time since last request: 0.932191 seconds.
  path: Assets/Prefabs/Environment/Obstacles
  artifactKey: Guid(05c60537ca57643afa4cf31227266245) Importer(2089858483,192608db42251d675da83286b1cce702)
Start importing Assets/Prefabs/Environment/Obstacles using Guid(05c60537ca57643afa4cf31227266245) Importer(2089858483,192608db42251d675da83286b1cce702) (ScriptedImporter) -> (artifact id: '5795d192bcce4b938bc20e2f949171b4') in 0.002335583 seconds
Number of updated asset objects reloaded before import = 0Number of asset objects unloaded after import = 1

========================================================================
Received Import Request.
  Time since last request: 221.333463 seconds.
  path: Assets/Prefabs/Environment/Obstacles/Cone.prefab
  artifactKey: Guid(7b6aaba8a41d04a62a3f19cd60ba0ee0) Importer(815301076,1909f56bfc062723c751e8b465ee728b)
Start importing Assets/Prefabs/Environment/Obstacles/Cone.prefab using Guid(7b6aaba8a41d04a62a3f19cd60ba0ee0) Importer(815301076,1909f56bfc062723c751e8b465ee728b) (PreviewImporter) -> (artifact id: '16b51cccc7360f5b8f0361be2b456347') in 0.057388167 seconds
Number of updated asset objects reloaded before import = 0Number of asset objects unloaded after import = 18

========================================================================
Received Import Request.
  Time since last request: 0.838094 seconds.
  path: Assets/Prefabs/Environment/Obstacles/Cone.prefab
  artifactKey: Guid(7b6aaba8a41d04a62a3f19cd60ba0ee0) Importer(2089858483,192608db42251d675da83286b1cce702)
Start importing Assets/Prefabs/Environment/Obstacles/Cone.prefab using Guid(7b6aaba8a41d04a62a3f19cd60ba0ee0) Importer(2089858483,192608db42251d675da83286b1cce702) (ScriptedImporter) -> (artifact id: 'f097b051808c914d0bcf942dd4d300de') in 0.006205875 seconds
Number of updated asset objects reloaded before import = 0Number of asset objects unloaded after import = 14

========================================================================
Received Import Request.
  Time since last request: 85.600408 seconds.
  path: Assets/Prefabs/Environment/Obstacles/Barrel.prefab
  artifactKey: Guid(deb439e48c4d74d2ea64c5147f983b69) Importer(815301076,1909f56bfc062723c751e8b465ee728b)
Start importing Assets/Prefabs/Environment/Obstacles/Barrel.prefab using Guid(deb439e48c4d74d2ea64c5147f983b69) Importer(815301076,1909f56bfc062723c751e8b465ee728b) (PreviewImporter) -> (artifact id: 'c4ebedd666b27bd5a9f902f4b039a168') in 0.047728541 seconds
Number of updated asset objects reloaded before import = 0Number of asset objects unloaded after import = 18

========================================================================
Received Import Request.
  Time since last request: 0.844144 seconds.
  path: Assets/Prefabs/Environment/Obstacles/Barrel.prefab
  artifactKey: Guid(deb439e48c4d74d2ea64c5147f983b69) Importer(2089858483,192608db42251d675da83286b1cce702)
Start importing Assets/Prefabs/Environment/Obstacles/Barrel.prefab using Guid(deb439e48c4d74d2ea64c5147f983b69) Importer(2089858483,192608db42251d675da83286b1cce702) (ScriptedImporter) -> (artifact id: '4e421b7770e75b937a51faa5972bd069') in 0.006158041 seconds
Number of updated asset objects reloaded before import = 0Number of asset objects unloaded after import = 14

========================================================================
Received Import Request.
  Time since last request: 120.341638 seconds.
  path: Assets/Prefabs/Environment/Obstacles/Barrier.prefab
  artifactKey: Guid(39336c9a5ab404984b306fa9071deb3a) Importer(815301076,1909f56bfc062723c751e8b465ee728b)
Start importing Assets/Prefabs/Environment/Obstacles/Barrier.prefab using Guid(39336c9a5ab404984b306fa9071deb3a) Importer(815301076,1909f56bfc062723c751e8b465ee728b) (PreviewImporter) -> (artifact id: 'e210d62185249612bdba88a92a5eeaaa') in 0.042500208 seconds
Number of updated asset objects reloaded before import = 0Number of asset objects unloaded after import = 18

========================================================================
Received Import Request.
  Time since last request: 0.850945 seconds.
  path: Assets/Prefabs/Environment/Obstacles/Barrier.prefab
  artifactKey: Guid(39336c9a5ab404984b306fa9071deb3a) Importer(2089858483,192608db42251d675da83286b1cce702)
Start importing Assets/Prefabs/Environment/Obstacles/Barrier.prefab using Guid(39336c9a5ab404984b306fa9071deb3a) Importer(2089858483,192608db42251d675da83286b1cce702) (ScriptedImporter) -> (artifact id: '508ea8e8e23f63413c1d6d44044dd45b') in 0.005596125 seconds
Number of updated asset objects reloaded before import = 0Number of asset objects unloaded after import = 14

========================================================================
Received Import Request.
  Time since last request: 15.496422 seconds.
  path: ProjectSettings/TagManager.asset
  artifactKey: Guid(00000000000000003000000000000000) Importer(815301076,1909f56bfc062723c751e8b465ee728b)
Start importing ProjectSettings/TagManager.asset using Guid(00000000000000003000000000000000) Importer(815301076,1909f56bfc062723c751e8b465ee728b) (PreviewImporter) -> (artifact id: 'ccdb16cca2cce364582014197a8e3978') in 0.001548625 seconds
Number of updated asset objects reloaded before import = 0Number of asset objects unloaded after import = 0

========================================================================
Received Import Request.
  Time since last request: 25.509332 seconds.
  path: Assets/Prefabs/Environment/Obstacles/Barrel.prefab
  artifactKey: Guid(deb439e48c4d74d2ea64c5147f983b69) Importer(815301076,1909f56bfc062723c751e8b465ee728b)
Start importing Assets/Prefabs/Environment/Obstacles/Barrel.prefab using Guid(deb439e48c4d74d2ea64c5147f983b69) Importer(815301076,1909f56bfc062723c751e8b465ee728b) (PreviewImporter) -> (artifact id: '7ba564c91fb8ccc0a7bcec53680645c2') in 0.017470375 seconds
Number of updated asset objects reloaded before import = 0Number of asset objects unloaded after import = 18

========================================================================
Received Import Request.
  Time since last request: 0.000045 seconds.
  path: Assets/Prefabs/Environment/Obstacles/Cone.prefab
  artifactKey: Guid(7b6aaba8a41d04a62a3f19cd60ba0ee0) Importer(815301076,1909f56bfc062723c751e8b465ee728b)
Start importing Assets/Prefabs/Environment/Obstacles/Cone.prefab using Guid(7b6aaba8a41d04a62a3f19cd60ba0ee0) Importer(815301076,1909f56bfc062723c751e8b465ee728b) (PreviewImporter) -> (artifact id: '4a8d0e33613a99597c0bd5d1458ad8ce') in 0.00738975 seconds
Number of updated asset objects reloaded before import = 0Number of asset objects unloaded after import = 18

========================================================================
Received Import Request.
  Time since last request: 0.840685 seconds.
  path: Assets/Prefabs/Environment/Obstacles/Barrier.prefab
  artifactKey: Guid(39336c9a5ab404984b306fa9071deb3a) Importer(2089858483,192608db42251d675da83286b1cce702)
Start importing Assets/Prefabs/Environment/Obstacles/Barrier.prefab using Guid(39336c9a5ab404984b306fa9071deb3a) Importer(2089858483,192608db42251d675da83286b1cce702) (ScriptedImporter) -> (artifact id: '7f7487fd836f35da428ace2709a8dcb9') in 0.003658208 seconds
Number of updated asset objects reloaded before import = 0Number of asset objects unloaded after import = 14

========================================================================
Received Import Request.
  Time since last request: 0.000064 seconds.
  path: Assets/Prefabs/Environment/Obstacles/Cone.prefab
  artifactKey: Guid(7b6aaba8a41d04a62a3f19cd60ba0ee0) Importer(2089858483,192608db42251d675da83286b1cce702)
Start importing Assets/Prefabs/Environment/Obstacles/Cone.prefab using Guid(7b6aaba8a41d04a62a3f19cd60ba0ee0) Importer(2089858483,192608db42251d675da83286b1cce702) (ScriptedImporter) -> (artifact id: 'c0ae5c675d988df7ace8b536fe8f8bf1') in 0.002744958 seconds
Number of updated asset objects reloaded before import = 0Number of asset objects unloaded after import = 14

========================================================================
Received Import Request.
  Time since last request: 33.787289 seconds.
  path: Assets/Prefabs/Environment/Obstacles/Barrel.prefab
  artifactKey: Guid(deb439e48c4d74d2ea64c5147f983b69) Importer(815301076,1909f56bfc062723c751e8b465ee728b)
Start importing Assets/Prefabs/Environment/Obstacles/Barrel.prefab using Guid(deb439e48c4d74d2ea64c5147f983b69) Importer(815301076,1909f56bfc062723c751e8b465ee728b) (PreviewImporter) -> (artifact id: 'cc8a3d31911ed5548b18ad7511f7aa9e') in 0.049953917 seconds
Number of updated asset objects reloaded before import = 0Number of asset objects unloaded after import = 18

========================================================================
Received Import Request.
  Time since last request: 0.841930 seconds.
  path: Assets/Prefabs/Environment/Obstacles/Barrier.prefab
  artifactKey: Guid(39336c9a5ab404984b306fa9071deb3a) Importer(2089858483,192608db42251d675da83286b1cce702)
Start importing Assets/Prefabs/Environment/Obstacles/Barrier.prefab using Guid(39336c9a5ab404984b306fa9071deb3a) Importer(2089858483,192608db42251d675da83286b1cce702) (ScriptedImporter) -> (artifact id: '345a898a3dfcf6f7d472b2d0d422dbf1') in 0.00454675 seconds
Number of updated asset objects reloaded before import = 0Number of asset objects unloaded after import = 14

========================================================================
Received Prepare
Assembly reference Packages/com.unity.cinemachine/Editor/Samples/ExposeHDRPInternals/HDRP-Editor-ref.asmref has no target assembly definition
Assembly reference Packages/com.unity.cinemachine/Editor/Samples/ExposeHDRPInternals/HDRP-Editor-ref.asmref has no target assembly definition
Begin MonoManager ReloadAssembly
[Licensing::Client] Successfully resolved entitlement details
Thread 0x16c4b3000 may have been prematurely finalized
Duplicate assembly 'log4net.dll' with different versions detected, using 'Packages/com.unity.package-validation-suite/Lib/Editor/log4net.dll, AssemblyName=log4net, Version=2.0.8.0, Culture=neutral, PublicKeyToken=669e0ddf0bb1aa2a' and ignoring 'Packages/com.unity.collab-proxy/Lib/Editor/log4netPlastic.dll, AssemblyName=log4net, Version=1.2.15.0, Culture=neutral, PublicKeyToken=669e0ddf0bb1aa2a'.- Loaded All Assemblies, in  0.673 seconds
Assembly reference Packages/com.unity.cinemachine/Editor/Samples/ExposeHDRPInternals/HDRP-Editor-ref.asmref has no target assembly definition
'Packages/com.unity.cinemachine/Editor/Obsolete/CinemachineVirtualCameraBaseEditor.cs' contains partial class of Unity.Object, exactly 1 of the partial classes needs to be in a file with the same filename. This is to know the one that can be referenced from ie. GameObjects
'Packages/com.unity.cinemachine/Editor/Editors/CinemachineVirtualCameraBaseEditor.cs' contains partial class of Unity.Object, exactly 1 of the partial classes needs to be in a file with the same filename. This is to know the one that can be referenced from ie. GameObjects
Refreshing native plugins compatible for Editor in 0.28 ms, found 1 plugins.
Native extension for OSXStandalone target not found
Assembly reference Packages/com.unity.cinemachine/Editor/Samples/ExposeHDRPInternals/HDRP-Editor-ref.asmref has no target assembly definition
[Package Manager] Failed to launch server process. Reason: Unity was launched with the -noUpm command-line argument
[Package Manager] Unable to send message (not connected to server process).
[Package Manager] Cannot connect to Unity Package Manager local server
[Package Manager] Failed to launch server process. Reason: Unity was launched with the -noUpm command-line argument
[Package Manager] Unable to send message (not connected to server process).
[Package Manager] Cannot connect to Unity Package Manager local server
Mono: successfully reloaded assembly
- Finished resetting the current domain, in  0.528 seconds
Domain Reload Profiling: 1204ms
	BeginReloadAssembly (263ms)
		ExecutionOrderSort (0ms)
		DisableScriptedObjects (38ms)
		BackupInstance (0ms)
		ReleaseScriptingObjects (1ms)
		CreateAndSetChildDomain (95ms)
	RebuildCommonClasses (23ms)
	RebuildNativeTypeToScriptingClass (10ms)
	initialDomainReloadingComplete (18ms)
	LoadAllAssembliesAndSetupDomain (362ms)
		LoadAssemblies (268ms)
		RebuildTransferFunctionScriptingTraits (0ms)
		AnalyzeDomain (148ms)
			TypeCache.Refresh (17ms)
				TypeCache.ScanAssembly (1ms)
			BuildScriptInfoCaches (120ms)
			ResolveRequiredComponents (8ms)
	FinalizeReload (528ms)
		ReleaseScriptCaches (0ms)
		RebuildScriptCaches (0ms)
		SetupLoadedEditorAssemblies (402ms)
			LogAssemblyErrors (0ms)
			InitializePlatformSupportModulesInManaged (1ms)
			SetLoadedEditorAssemblies (4ms)
			BeforeProcessingInitializeOnLoad (112ms)
			ProcessInitializeOnLoadAttributes (252ms)
			ProcessInitializeOnLoadMethodAttributes (31ms)
			AfterProcessingInitializeOnLoad (1ms)
			EditorAssembliesLoaded (0ms)
		ExecutionOrderSort2 (0ms)
		AwakeInstancesAfterBackupRestoration (7ms)
WARNING: Shader Unsupported: 'Universal Render Pipeline/VR/SpatialMapping/Wireframe' - All subshaders removed
WARNING: Shader Did you use #pragma only_renderers and omit this platform?
WARNING: Shader If subshaders removal was intentional, you may have forgotten turning Fallback off?
WARNING: Shader Unsupported: 'Universal Render Pipeline/VR/SpatialMapping/Wireframe' - All subshaders removed
WARNING: Shader Did you use #pragma only_renderers and omit this platform?
WARNING: Shader If subshaders removal was intentional, you may have forgotten turning Fallback off?
Refreshing native plugins compatible for Editor in 0.32 ms, found 1 plugins.
Preloading 0 native plugins for Editor in 0.00 ms.
Unloading 16 Unused Serialized files (Serialized files now loaded: 0)
Unloading 6666 unused Assets / (4.7 MB). Loaded Objects now: 7464.
Memory consumption went from 157.6 MB to 152.9 MB.
Total: 6.709708 ms (FindLiveObjects: 0.333666 ms CreateObjectMapping: 0.183875 ms MarkObjects: 4.293875 ms  DeleteObjects: 1.897708 ms)

Prepare: number of updated asset objects reloaded= 0
========================================================================
Received Prepare
Assembly reference Packages/com.unity.cinemachine/Editor/Samples/ExposeHDRPInternals/HDRP-Editor-ref.asmref has no target assembly definition
Assembly reference Packages/com.unity.cinemachine/Editor/Samples/ExposeHDRPInternals/HDRP-Editor-ref.asmref has no target assembly definition
Begin MonoManager ReloadAssembly
[Licensing::Client] Successfully resolved entitlement details
Thread 0x16c4e7000 may have been prematurely finalized
Duplicate assembly 'log4net.dll' with different versions detected, using 'Packages/com.unity.package-validation-suite/Lib/Editor/log4net.dll, AssemblyName=log4net, Version=2.0.8.0, Culture=neutral, PublicKeyToken=669e0ddf0bb1aa2a' and ignoring 'Packages/com.unity.collab-proxy/Lib/Editor/log4netPlastic.dll, AssemblyName=log4net, Version=1.2.15.0, Culture=neutral, PublicKeyToken=669e0ddf0bb1aa2a'.- Loaded All Assemblies, in  0.563 seconds
Assembly reference Packages/com.unity.cinemachine/Editor/Samples/ExposeHDRPInternals/HDRP-Editor-ref.asmref has no target assembly definition
'Packages/com.unity.cinemachine/Editor/Obsolete/CinemachineVirtualCameraBaseEditor.cs' contains partial class of Unity.Object, exactly 1 of the partial classes needs to be in a file with the same filename. This is to know the one that can be referenced from ie. GameObjects
'Packages/com.unity.cinemachine/Editor/Editors/CinemachineVirtualCameraBaseEditor.cs' contains partial class of Unity.Object, exactly 1 of the partial classes needs to be in a file with the same filename. This is to know the one that can be referenced from ie. GameObjects
Refreshing native plugins compatible for Editor in 1.22 ms, found 1 plugins.
Native extension for OSXStandalone target not found
Assembly reference Packages/com.unity.cinemachine/Editor/Samples/ExposeHDRPInternals/HDRP-Editor-ref.asmref has no target assembly definition
[Package Manager] Failed to launch server process. Reason: Unity was launched with the -noUpm command-line argument
[Package Manager] Unable to send message (not connected to server process).
[Package Manager] Cannot connect to Unity Package Manager local server
[Package Manager] Failed to launch server process. Reason: Unity was launched with the -noUpm command-line argument
[Package Manager] Unable to send message (not connected to server process).
[Package Manager] Cannot connect to Unity Package Manager local server
Mono: successfully reloaded assembly
- Finished resetting the current domain, in  0.515 seconds
Domain Reload Profiling: 1081ms
	BeginReloadAssembly (180ms)
		ExecutionOrderSort (0ms)
		DisableScriptedObjects (9ms)
		BackupInstance (0ms)
		ReleaseScriptingObjects (1ms)
		CreateAndSetChildDomain (63ms)
	RebuildCommonClasses (25ms)
	RebuildNativeTypeToScriptingClass (9ms)
	initialDomainReloadingComplete (18ms)
	LoadAllAssembliesAndSetupDomain (334ms)
		LoadAssemblies (236ms)
		RebuildTransferFunctionScriptingTraits (0ms)
		AnalyzeDomain (140ms)
			TypeCache.Refresh (15ms)
				TypeCache.ScanAssembly (1ms)
			BuildScriptInfoCaches (112ms)
			ResolveRequiredComponents (10ms)
	FinalizeReload (515ms)
		ReleaseScriptCaches (0ms)
		RebuildScriptCaches (0ms)
		SetupLoadedEditorAssemblies (400ms)
			LogAssemblyErrors (0ms)
			InitializePlatformSupportModulesInManaged (2ms)
			SetLoadedEditorAssemblies (5ms)
			BeforeProcessingInitializeOnLoad (112ms)
			ProcessInitializeOnLoadAttributes (248ms)
			ProcessInitializeOnLoadMethodAttributes (33ms)
			AfterProcessingInitializeOnLoad (1ms)
			EditorAssembliesLoaded (0ms)
		ExecutionOrderSort2 (0ms)
		AwakeInstancesAfterBackupRestoration (7ms)
WARNING: Shader Unsupported: 'Universal Render Pipeline/VR/SpatialMapping/Wireframe' - All subshaders removed
WARNING: Shader Did you use #pragma only_renderers and omit this platform?
WARNING: Shader If subshaders removal was intentional, you may have forgotten turning Fallback off?
WARNING: Shader Unsupported: 'Universal Render Pipeline/VR/SpatialMapping/Wireframe' - All subshaders removed
WARNING: Shader Did you use #pragma only_renderers and omit this platform?
WARNING: Shader If subshaders removal was intentional, you may have forgotten turning Fallback off?
Refreshing native plugins compatible for Editor in 0.43 ms, found 1 plugins.
Preloading 0 native plugins for Editor in 0.00 ms.
Unloading 16 Unused Serialized files (Serialized files now loaded: 0)
Unloading 6664 unused Assets / (4.6 MB). Loaded Objects now: 7467.
Memory consumption went from 150.4 MB to 145.8 MB.
Total: 6.061875 ms (FindLiveObjects: 0.306750 ms CreateObjectMapping: 0.154667 ms MarkObjects: 3.905041 ms  DeleteObjects: 1.695000 ms)

Prepare: number of updated asset objects reloaded= 0
========================================================================
Received Prepare
Assembly reference Packages/com.unity.cinemachine/Editor/Samples/ExposeHDRPInternals/HDRP-Editor-ref.asmref has no target assembly definition
Assembly reference Packages/com.unity.cinemachine/Editor/Samples/ExposeHDRPInternals/HDRP-Editor-ref.asmref has no target assembly definition
Begin MonoManager ReloadAssembly
[Licensing::Client] Successfully resolved entitlement details
Thread 0x16c277000 may have been prematurely finalized
Duplicate assembly 'log4net.dll' with different versions detected, using 'Packages/com.unity.package-validation-suite/Lib/Editor/log4net.dll, AssemblyName=log4net, Version=2.0.8.0, Culture=neutral, PublicKeyToken=669e0ddf0bb1aa2a' and ignoring 'Packages/com.unity.collab-proxy/Lib/Editor/log4netPlastic.dll, AssemblyName=log4net, Version=1.2.15.0, Culture=neutral, PublicKeyToken=669e0ddf0bb1aa2a'.- Loaded All Assemblies, in  0.607 seconds
Assembly reference Packages/com.unity.cinemachine/Editor/Samples/ExposeHDRPInternals/HDRP-Editor-ref.asmref has no target assembly definition
'Packages/com.unity.cinemachine/Editor/Obsolete/CinemachineVirtualCameraBaseEditor.cs' contains partial class of Unity.Object, exactly 1 of the partial classes needs to be in a file with the same filename. This is to know the one that can be referenced from ie. GameObjects
'Packages/com.unity.cinemachine/Editor/Editors/CinemachineVirtualCameraBaseEditor.cs' contains partial class of Unity.Object, exactly 1 of the partial classes needs to be in a file with the same filename. This is to know the one that can be referenced from ie. GameObjects
Refreshing native plugins compatible for Editor in 0.22 ms, found 1 plugins.
Native extension for OSXStandalone target not found
Assembly reference Packages/com.unity.cinemachine/Editor/Samples/ExposeHDRPInternals/HDRP-Editor-ref.asmref has no target assembly definition
[Package Manager] Failed to launch server process. Reason: Unity was launched with the -noUpm command-line argument
[Package Manager] Unable to send message (not connected to server process).
[Package Manager] Cannot connect to Unity Package Manager local server
[Package Manager] Failed to launch server process. Reason: Unity was launched with the -noUpm command-line argument
[Package Manager] Unable to send message (not connected to server process).
[Package Manager] Cannot connect to Unity Package Manager local server
Mono: successfully reloaded assembly
- Finished resetting the current domain, in  0.476 seconds
Domain Reload Profiling: 1086ms
	BeginReloadAssembly (194ms)
		ExecutionOrderSort (0ms)
		DisableScriptedObjects (9ms)
		BackupInstance (0ms)
		ReleaseScriptingObjects (0ms)
		CreateAndSetChildDomain (69ms)
	RebuildCommonClasses (25ms)
	RebuildNativeTypeToScriptingClass (10ms)
	initialDomainReloadingComplete (21ms)
	LoadAllAssembliesAndSetupDomain (360ms)
		LoadAssemblies (253ms)
		RebuildTransferFunctionScriptingTraits (0ms)
		AnalyzeDomain (159ms)
			TypeCache.Refresh (15ms)
				TypeCache.ScanAssembly (1ms)
			BuildScriptInfoCaches (129ms)
			ResolveRequiredComponents (9ms)
	FinalizeReload (476ms)
		ReleaseScriptCaches (0ms)
		RebuildScriptCaches (0ms)
		SetupLoadedEditorAssemblies (376ms)
			LogAssemblyErrors (0ms)
			InitializePlatformSupportModulesInManaged (1ms)
			SetLoadedEditorAssemblies (6ms)
			BeforeProcessingInitializeOnLoad (106ms)
			ProcessInitializeOnLoadAttributes (231ms)
			ProcessInitializeOnLoadMethodAttributes (32ms)
			AfterProcessingInitializeOnLoad (1ms)
			EditorAssembliesLoaded (0ms)
		ExecutionOrderSort2 (0ms)
		AwakeInstancesAfterBackupRestoration (7ms)
WARNING: Shader Unsupported: 'Universal Render Pipeline/VR/SpatialMapping/Wireframe' - All subshaders removed
WARNING: Shader Did you use #pragma only_renderers and omit this platform?
WARNING: Shader If subshaders removal was intentional, you may have forgotten turning Fallback off?
WARNING: Shader Unsupported: 'Universal Render Pipeline/VR/SpatialMapping/Wireframe' - All subshaders removed
WARNING: Shader Did you use #pragma only_renderers and omit this platform?
WARNING: Shader If subshaders removal was intentional, you may have forgotten turning Fallback off?
Refreshing native plugins compatible for Editor in 0.37 ms, found 1 plugins.
Preloading 0 native plugins for Editor in 0.00 ms.
Unloading 16 Unused Serialized files (Serialized files now loaded: 0)
Unloading 6664 unused Assets / (4.4 MB). Loaded Objects now: 7470.
Memory consumption went from 150.5 MB to 146.1 MB.
Total: 6.572750 ms (FindLiveObjects: 0.334333 ms CreateObjectMapping: 0.167542 ms MarkObjects: 4.245958 ms  DeleteObjects: 1.824625 ms)

Prepare: number of updated asset objects reloaded= 0
========================================================================
Received Import Request.
  Time since last request: 1293.530743 seconds.
  path: Assets/Prefabs/Environment/Parking Spot/Golden Parking.prefab
  artifactKey: Guid(4ec200971b058417fa3b91506313f9cb) Importer(815301076,1909f56bfc062723c751e8b465ee728b)
Start importing Assets/Prefabs/Environment/Parking Spot/Golden Parking.prefab using Guid(4ec200971b058417fa3b91506313f9cb) Importer(815301076,1909f56bfc062723c751e8b465ee728b) (PreviewImporter) -> (artifact id: '3234faefeee81069c90d4eaab8ed9d57') in 0.381771042 seconds
Number of updated asset objects reloaded before import = 0Number of asset objects unloaded after import = 70

========================================================================
Received Import Request.
  Time since last request: 0.000057 seconds.
  path: Assets/Prefabs/Environment/Parking Spot/Orange Parking.prefab
  artifactKey: Guid(aec19c716666a4ac6adb40da7c5d0739) Importer(815301076,1909f56bfc062723c751e8b465ee728b)
Start importing Assets/Prefabs/Environment/Parking Spot/Orange Parking.prefab using Guid(aec19c716666a4ac6adb40da7c5d0739) Importer(815301076,1909f56bfc062723c751e8b465ee728b) (PreviewImporter) -> (artifact id: '6ffb4ba21689e4ff7c04a1fe606b574b') in 0.028621625 seconds
Number of updated asset objects reloaded before import = 0Number of asset objects unloaded after import = 70

========================================================================
Received Import Request.
  Time since last request: 0.000060 seconds.
  path: Assets/Prefabs/Environment/Parking Spot/Parking Spot.prefab
  artifactKey: Guid(af42dfb8ebac04be788a580f640cfb5d) Importer(815301076,1909f56bfc062723c751e8b465ee728b)
Start importing Assets/Prefabs/Environment/Parking Spot/Parking Spot.prefab using Guid(af42dfb8ebac04be788a580f640cfb5d) Importer(815301076,1909f56bfc062723c751e8b465ee728b) (PreviewImporter) -> (artifact id: '0a9499f1335abb2dacfb6c3b515b6352') in 0.024736167 seconds
Number of updated asset objects reloaded before import = 0Number of asset objects unloaded after import = 38

========================================================================
Received Prepare
Assembly reference Packages/com.unity.cinemachine/Editor/Samples/ExposeHDRPInternals/HDRP-Editor-ref.asmref has no target assembly definition
Assembly reference Packages/com.unity.cinemachine/Editor/Samples/ExposeHDRPInternals/HDRP-Editor-ref.asmref has no target assembly definition
Begin MonoManager ReloadAssembly
[Licensing::Client] Successfully resolved entitlement details
Thread 0x16f27b000 may have been prematurely finalized
Duplicate assembly 'log4net.dll' with different versions detected, using 'Packages/com.unity.package-validation-suite/Lib/Editor/log4net.dll, AssemblyName=log4net, Version=2.0.8.0, Culture=neutral, PublicKeyToken=669e0ddf0bb1aa2a' and ignoring 'Packages/com.unity.collab-proxy/Lib/Editor/log4netPlastic.dll, AssemblyName=log4net, Version=1.2.15.0, Culture=neutral, PublicKeyToken=669e0ddf0bb1aa2a'.- Loaded All Assemblies, in  0.591 seconds
Assembly reference Packages/com.unity.cinemachine/Editor/Samples/ExposeHDRPInternals/HDRP-Editor-ref.asmref has no target assembly definition
'Packages/com.unity.cinemachine/Editor/Obsolete/CinemachineVirtualCameraBaseEditor.cs' contains partial class of Unity.Object, exactly 1 of the partial classes needs to be in a file with the same filename. This is to know the one that can be referenced from ie. GameObjects
'Packages/com.unity.cinemachine/Editor/Editors/CinemachineVirtualCameraBaseEditor.cs' contains partial class of Unity.Object, exactly 1 of the partial classes needs to be in a file with the same filename. This is to know the one that can be referenced from ie. GameObjects
Refreshing native plugins compatible for Editor in 0.35 ms, found 1 plugins.
Native extension for OSXStandalone target not found
Assembly reference Packages/com.unity.cinemachine/Editor/Samples/ExposeHDRPInternals/HDRP-Editor-ref.asmref has no target assembly definition
[Package Manager] Failed to launch server process. Reason: Unity was launched with the -noUpm command-line argument
[Package Manager] Unable to send message (not connected to server process).
[Package Manager] Cannot connect to Unity Package Manager local server
[Package Manager] Failed to launch server process. Reason: Unity was launched with the -noUpm command-line argument
[Package Manager] Unable to send message (not connected to server process).
[Package Manager] Cannot connect to Unity Package Manager local server
Mono: successfully reloaded assembly
- Finished resetting the current domain, in  0.505 seconds
Domain Reload Profiling: 1099ms
	BeginReloadAssembly (204ms)
		ExecutionOrderSort (0ms)
		DisableScriptedObjects (35ms)
		BackupInstance (0ms)
		ReleaseScriptingObjects (0ms)
		CreateAndSetChildDomain (64ms)
	RebuildCommonClasses (23ms)
	RebuildNativeTypeToScriptingClass (10ms)
	initialDomainReloadingComplete (19ms)
	LoadAllAssembliesAndSetupDomain (338ms)
		LoadAssemblies (237ms)
		RebuildTransferFunctionScriptingTraits (0ms)
		AnalyzeDomain (143ms)
			TypeCache.Refresh (16ms)
				TypeCache.ScanAssembly (1ms)
			BuildScriptInfoCaches (115ms)
			ResolveRequiredComponents (8ms)
	FinalizeReload (506ms)
		ReleaseScriptCaches (0ms)
		RebuildScriptCaches (0ms)
		SetupLoadedEditorAssemblies (397ms)
			LogAssemblyErrors (0ms)
			InitializePlatformSupportModulesInManaged (1ms)
			SetLoadedEditorAssemblies (4ms)
			BeforeProcessingInitializeOnLoad (111ms)
			ProcessInitializeOnLoadAttributes (248ms)
			ProcessInitializeOnLoadMethodAttributes (32ms)
			AfterProcessingInitializeOnLoad (1ms)
			EditorAssembliesLoaded (0ms)
		ExecutionOrderSort2 (0ms)
		AwakeInstancesAfterBackupRestoration (6ms)
WARNING: Shader Unsupported: 'Universal Render Pipeline/VR/SpatialMapping/Wireframe' - All subshaders removed
WARNING: Shader Did you use #pragma only_renderers and omit this platform?
WARNING: Shader If subshaders removal was intentional, you may have forgotten turning Fallback off?
WARNING: Shader Unsupported: 'Universal Render Pipeline/VR/SpatialMapping/Wireframe' - All subshaders removed
WARNING: Shader Did you use #pragma only_renderers and omit this platform?
WARNING: Shader If subshaders removal was intentional, you may have forgotten turning Fallback off?
Refreshing native plugins compatible for Editor in 0.30 ms, found 1 plugins.
Preloading 0 native plugins for Editor in 0.00 ms.
Unloading 16 Unused Serialized files (Serialized files now loaded: 0)
Unloading 6665 unused Assets / (3.9 MB). Loaded Objects now: 7493.
Memory consumption went from 150.8 MB to 146.9 MB.
Total: 6.104209 ms (FindLiveObjects: 0.343209 ms CreateObjectMapping: 0.216583 ms MarkObjects: 4.027333 ms  DeleteObjects: 1.516458 ms)

Prepare: number of updated asset objects reloaded= 0
========================================================================
Received Prepare
Assembly reference Packages/com.unity.cinemachine/Editor/Samples/ExposeHDRPInternals/HDRP-Editor-ref.asmref has no target assembly definition
Assembly reference Packages/com.unity.cinemachine/Editor/Samples/ExposeHDRPInternals/HDRP-Editor-ref.asmref has no target assembly definition
Begin MonoManager ReloadAssembly
[Licensing::Client] Successfully resolved entitlement details
Thread 0x16c277000 may have been prematurely finalized
Duplicate assembly 'log4net.dll' with different versions detected, using 'Packages/com.unity.package-validation-suite/Lib/Editor/log4net.dll, AssemblyName=log4net, Version=2.0.8.0, Culture=neutral, PublicKeyToken=669e0ddf0bb1aa2a' and ignoring 'Packages/com.unity.collab-proxy/Lib/Editor/log4netPlastic.dll, AssemblyName=log4net, Version=1.2.15.0, Culture=neutral, PublicKeyToken=669e0ddf0bb1aa2a'.- Loaded All Assemblies, in  0.578 seconds
Assembly reference Packages/com.unity.cinemachine/Editor/Samples/ExposeHDRPInternals/HDRP-Editor-ref.asmref has no target assembly definition
'Packages/com.unity.cinemachine/Editor/Obsolete/CinemachineVirtualCameraBaseEditor.cs' contains partial class of Unity.Object, exactly 1 of the partial classes needs to be in a file with the same filename. This is to know the one that can be referenced from ie. GameObjects
'Packages/com.unity.cinemachine/Editor/Editors/CinemachineVirtualCameraBaseEditor.cs' contains partial class of Unity.Object, exactly 1 of the partial classes needs to be in a file with the same filename. This is to know the one that can be referenced from ie. GameObjects
Refreshing native plugins compatible for Editor in 0.20 ms, found 1 plugins.
Native extension for OSXStandalone target not found
Assembly reference Packages/com.unity.cinemachine/Editor/Samples/ExposeHDRPInternals/HDRP-Editor-ref.asmref has no target assembly definition
[Package Manager] Failed to launch server process. Reason: Unity was launched with the -noUpm command-line argument
[Package Manager] Unable to send message (not connected to server process).
[Package Manager] Cannot connect to Unity Package Manager local server
[Package Manager] Failed to launch server process. Reason: Unity was launched with the -noUpm command-line argument
[Package Manager] Unable to send message (not connected to server process).
[Package Manager] Cannot connect to Unity Package Manager local server
Mono: successfully reloaded assembly
- Finished resetting the current domain, in  0.490 seconds
Domain Reload Profiling: 1071ms
	BeginReloadAssembly (178ms)
		ExecutionOrderSort (0ms)
		DisableScriptedObjects (12ms)
		BackupInstance (0ms)
		ReleaseScriptingObjects (0ms)
		CreateAndSetChildDomain (67ms)
	RebuildCommonClasses (24ms)
	RebuildNativeTypeToScriptingClass (10ms)
	initialDomainReloadingComplete (23ms)
	LoadAllAssembliesAndSetupDomain (347ms)
		LoadAssemblies (243ms)
		RebuildTransferFunctionScriptingTraits (0ms)
		AnalyzeDomain (144ms)
			TypeCache.Refresh (14ms)
				TypeCache.ScanAssembly (1ms)
			BuildScriptInfoCaches (119ms)
			ResolveRequiredComponents (8ms)
	FinalizeReload (491ms)
		ReleaseScriptCaches (0ms)
		RebuildScriptCaches (0ms)
		SetupLoadedEditorAssemblies (392ms)
			LogAssemblyErrors (0ms)
			InitializePlatformSupportModulesInManaged (1ms)
			SetLoadedEditorAssemblies (4ms)
			BeforeProcessingInitializeOnLoad (131ms)
			ProcessInitializeOnLoadAttributes (224ms)
			ProcessInitializeOnLoadMethodAttributes (31ms)
			AfterProcessingInitializeOnLoad (1ms)
			EditorAssembliesLoaded (0ms)
		ExecutionOrderSort2 (0ms)
		AwakeInstancesAfterBackupRestoration (7ms)
WARNING: Shader Unsupported: 'Universal Render Pipeline/VR/SpatialMapping/Wireframe' - All subshaders removed
WARNING: Shader Did you use #pragma only_renderers and omit this platform?
WARNING: Shader If subshaders removal was intentional, you may have forgotten turning Fallback off?
WARNING: Shader Unsupported: 'Universal Render Pipeline/VR/SpatialMapping/Wireframe' - All subshaders removed
WARNING: Shader Did you use #pragma only_renderers and omit this platform?
WARNING: Shader If subshaders removal was intentional, you may have forgotten turning Fallback off?
Refreshing native plugins compatible for Editor in 0.32 ms, found 1 plugins.
Preloading 0 native plugins for Editor in 0.00 ms.
Unloading 16 Unused Serialized files (Serialized files now loaded: 0)
Unloading 6664 unused Assets / (4.1 MB). Loaded Objects now: 7496.
Memory consumption went from 150.5 MB to 146.4 MB.
Total: 6.734417 ms (FindLiveObjects: 0.371625 ms CreateObjectMapping: 0.318583 ms MarkObjects: 4.421250 ms  DeleteObjects: 1.622333 ms)

Prepare: number of updated asset objects reloaded= 0
========================================================================
Received Import Request.
  Time since last request: 2323.677508 seconds.
  path: Assets/Prefabs/Environment/Obstacles/Barrel.prefab
  artifactKey: Guid(deb439e48c4d74d2ea64c5147f983b69) Importer(815301076,1909f56bfc062723c751e8b465ee728b)
Start importing Assets/Prefabs/Environment/Obstacles/Barrel.prefab using Guid(deb439e48c4d74d2ea64c5147f983b69) Importer(815301076,1909f56bfc062723c751e8b465ee728b) (PreviewImporter) -> (artifact id: '8b73a5b4eaf819b067cb51966e75e8e4') in 0.377835792 seconds
Number of updated asset objects reloaded before import = 0Number of asset objects unloaded after import = 18

========================================================================
Received Import Request.
  Time since last request: 0.000059 seconds.
  path: Assets/Prefabs/Environment/Obstacles/Cone.prefab
  artifactKey: Guid(7b6aaba8a41d04a62a3f19cd60ba0ee0) Importer(815301076,1909f56bfc062723c751e8b465ee728b)
Start importing Assets/Prefabs/Environment/Obstacles/Cone.prefab using Guid(7b6aaba8a41d04a62a3f19cd60ba0ee0) Importer(815301076,1909f56bfc062723c751e8b465ee728b) (PreviewImporter) -> (artifact id: 'bf52ff5335efc1c7074a3e08680cce38') in 0.007784292 seconds
Number of updated asset objects reloaded before import = 0Number of asset objects unloaded after import = 18

